<?xml version="1.0" encoding="UTF-8"?>
<!-- Generated by org.testng.reporters.JUnitReportReporter -->
<testsuite hostname="LAPTOP-5TA3NTVR" failures="0" tests="2" name="Academy.HomePage" time="6.763" errors="0" timestamp="9 Dec 2020 14:36:25 GMT">
  <testcase classname="Academy.HomePage" name="basePageNavigation" time="1.603"/>
  <testcase classname="Academy.HomePage" name="basePageNavigation" time="5.160"/>
</testsuite> <!-- Academy.HomePage -->
