<?xml version="1.0" encoding="UTF-8"?>
<!-- Generated by org.testng.reporters.JUnitReportReporter -->
<testsuite hostname="LAPTOP-5TA3NTVR" failures="0" tests="1" name="Academy.titleValidation" time="0.046" errors="0" timestamp="9 Dec 2020 14:37:56 GMT">
  <testcase classname="Academy.titleValidation" name="basePageNavigation" time="0.046"/>
</testsuite> <!-- Academy.titleValidation -->
